<?xml version="1.0" encoding="UTF-8"?>
<!-- Generated by org.testng.reporters.JUnitReportReporter -->
<testsuite hostname="DESKTOP-N8QFVTO" failures="0" tests="1" name="testng.Parallelclass2" time="0.006" errors="0" timestamp="2024-08-08T15:22:19 IST" skipped="0">
  <testcase classname="testng.Parallelclass2" name="testMethod3" time="0.006"/>
  <system-out/>
</testsuite> <!-- testng.Parallelclass2 -->
