<?xml version="1.0" encoding="UTF-8"?>
<!-- Generated by org.testng.reporters.JUnitReportReporter -->
<testsuite hostname="DESKTOP-N8QFVTO" failures="0" tests="3" name="designpattern.Tasklogintest" time="3.683" errors="0" timestamp="2024-08-15T16:41:23 IST" skipped="0">
  <testcase classname="designpattern.Tasklogintest" name="titleCheck" time="0.041"/>
  <system-out/>
  <testcase classname="designpattern.Tasklogintest" name="loginCheck" time="3.602"/>
  <system-out/>
  <testcase classname="designpattern.Tasklogintest" name="urlCheck" time="0.040"/>
  <system-out/>
</testsuite> <!-- designpattern.Tasklogintest -->
