<?xml version="1.0" encoding="UTF-8"?>
<!-- Generated by org.testng.reporters.JUnitReportReporter -->
<testsuite hostname="DESKTOP-N8QFVTO" failures="0" tests="1" name="testng.Asserttask01" time="0.035" errors="0" timestamp="2024-07-29T16:24:17 IST" skipped="0">
  <testcase classname="testng.Asserttask01" name="hard" time="0.035"/>
  <system-out/>
</testsuite> <!-- testng.Asserttask01 -->
