<?xml version="1.0" encoding="UTF-8"?>
<!-- Generated by org.testng.reporters.JUnitReportReporter -->
<testsuite hostname="DESKTOP-N8QFVTO" failures="0" tests="1" name="testng.Assertsoft" time="0.033" errors="0" timestamp="2024-07-30T15:21:54 IST" skipped="0">
  <testcase classname="testng.Assertsoft" name="soft" time="0.033"/>
  <system-out/>
</testsuite> <!-- testng.Assertsoft -->
