<?xml version="1.0" encoding="UTF-8"?>
<!-- Generated by org.testng.reporters.JUnitReportReporter -->
<testsuite hostname="DESKTOP-N8QFVTO" failures="0" tests="2" name="testng.CrossBrowseDemo" time="15.241" errors="0" timestamp="2024-08-08T14:35:15 IST" skipped="0">
  <testcase classname="testng.CrossBrowseDemo" name="login" time="7.708"/>
  <system-out/>
  <testcase classname="testng.CrossBrowseDemo" name="login" time="7.533"/>
  <system-out/>
</testsuite> <!-- testng.CrossBrowseDemo -->
