<?xml version="1.0" encoding="UTF-8"?>
<!-- Generated by org.testng.reporters.JUnitReportReporter -->
<testsuite hostname="DESKTOP-N8QFVTO" failures="0" tests="1" name="testng.Parallelclass1" time="0.010" errors="0" timestamp="2024-08-08T15:22:19 IST" skipped="0">
  <testcase classname="testng.Parallelclass1" name="testMethod2" time="0.010"/>
  <system-out/>
</testsuite> <!-- testng.Parallelclass1 -->
