<?xml version="1.0" encoding="UTF-8"?>
<!-- Generated by org.testng.reporters.JUnitReportReporter -->
<testsuite hostname="DESKTOP-N8QFVTO" failures="0" tests="1" name="testng.ConfigpropfbDemo" time="29.602" errors="0" timestamp="2024-08-06T15:06:04 IST" skipped="0">
  <testcase classname="testng.ConfigpropfbDemo" name="login" time="29.602"/>
  <system-out/>
</testsuite> <!-- testng.ConfigpropfbDemo -->
