<?xml version="1.0" encoding="UTF-8"?>
<!-- Generated by org.testng.reporters.JUnitReportReporter -->
<testsuite hostname="DESKTOP-N8QFVTO" failures="0" tests="1" name="testng.Annotationsdemo" time="1.478" errors="0" timestamp="2024-08-02T15:33:10 IST" skipped="0">
  <testcase classname="testng.Annotationsdemo" name="login" time="1.478"/>
  <system-out/>
</testsuite> <!-- testng.Annotationsdemo -->
