<?xml version="1.0" encoding="UTF-8"?>
<!-- Generated by org.testng.reporters.JUnitReportReporter -->
<testsuite hostname="DESKTOP-N8QFVTO" failures="0" tests="2" name="testng.Extendreportdemo" time="7.033" errors="0" timestamp="2024-08-12T16:01:20 IST" skipped="0">
  <testcase classname="testng.Extendreportdemo" name="test2" time="0.021"/>
  <system-out/>
  <testcase classname="testng.Extendreportdemo" name="login" time="7.012"/>
  <system-out/>
</testsuite> <!-- testng.Extendreportdemo -->
