<?xml version="1.0" encoding="UTF-8"?>
<!-- Generated by org.testng.reporters.JUnitReportReporter -->
<testsuite hostname="DESKTOP-N8QFVTO" failures="0" tests="1" name="testng.Ftest" time="0.024" errors="0" timestamp="2024-07-29T15:35:46 IST" skipped="0">
  <testcase classname="testng.Ftest" name="test" time="0.024"/>
  <system-out/>
</testsuite> <!-- testng.Ftest -->
