<?xml version="1.0" encoding="UTF-8"?>
<!-- Generated by org.testng.reporters.JUnitReportReporter -->
<testsuite hostname="DESKTOP-N8QFVTO" failures="0" tests="3" name="testng.DataproviDemo" time="33.727" errors="0" timestamp="2024-08-02T15:59:58 IST" skipped="0">
  <testcase classname="testng.DataproviDemo" name="login" time="11.778"/>
  <system-out/>
  <testcase classname="testng.DataproviDemo" name="login" time="9.005"/>
  <system-out/>
  <testcase classname="testng.DataproviDemo" name="login" time="12.944"/>
  <system-out/>
</testsuite> <!-- testng.DataproviDemo -->
