<?xml version="1.0" encoding="UTF-8"?>
<!-- Generated by org.testng.reporters.JUnitReportReporter -->
<testsuite hostname="DESKTOP-N8QFVTO" failures="0" tests="1" name="testng.Parametersdemo" time="0.671" errors="0" timestamp="2024-08-02T16:30:21 IST" skipped="0">
  <testcase classname="testng.Parametersdemo" name="login" time="0.671"/>
  <system-out/>
</testsuite> <!-- testng.Parametersdemo -->
