<?xml version="1.0" encoding="UTF-8"?>
<!-- Generated by org.testng.reporters.JUnitReportReporter -->
<testsuite hostname="DESKTOP-N8QFVTO" failures="0" tests="3" name="testng.Taskdatachild" time="67.054" errors="0" timestamp="2024-08-03T16:24:05 IST" skipped="0">
  <testcase classname="testng.Taskdatachild" name="login" time="27.214"/>
  <system-out/>
  <testcase classname="testng.Taskdatachild" name="login" time="16.966"/>
  <system-out/>
  <testcase classname="testng.Taskdatachild" name="login" time="22.874"/>
  <system-out/>
</testsuite> <!-- testng.Taskdatachild -->
