<?xml version="1.0" encoding="UTF-8"?>
<!-- Generated by org.testng.reporters.JUnitReportReporter -->
<testsuite hostname="DESKTOP-N8QFVTO" failures="0" tests="1" name="testng.Parallelclass3" time="0.017" errors="0" timestamp="2024-08-08T15:22:19 IST" skipped="0">
  <testcase classname="testng.Parallelclass3" name="testMethod5" time="0.017"/>
  <system-out/>
</testsuite> <!-- testng.Parallelclass3 -->
